
ASEM-51 V1.3                                         Copyright (c) 2002 by W.W. Heinz                                         PAGE 1





       MCS-51 Family Macro Assembler   A S E M - 5 1   V 1.3
       =====================================================



	Source File:	C:\Software_CC212_arquitectura\lab3_dirigido_2018_II\p2.asm
	Object File:	C:\Software_CC212_arquitectura\lab3_dirigido_2018_II\p2.hex
	List File:	C:\Software_CC212_arquitectura\lab3_dirigido_2018_II\p2.lst



 Line  I  Addr  Code            Source

    1:				;Hacer un programa para el TMC51 que al presionar el botón conectado al pin P3.2
    2:				;interrumpa al TMC51 y en ese momento envié por el puerto serie dos cadenas: “curso:
    3:				;Arquitectura de Computadores” y en otra fila “Prof.: Martín Cruz”. El programa principal
    4:				;es un contador de 0 a F mostrado en el display de 7 segmentos.
    5:		N      0142	sdelay  equ 142h
    6:		N      013F	prthex  equ 13Fh
    7:		N      0148	sndchr  equ 148h
    8:		N      0145	setintvec equ 145h
    9:		N      0136	print   equ 136h
   10:		N      011B	display equ 11Bh
   11:		N      8000		org 8000h
   12:	  8000	D2 88			setb IT0; fijamos la interrupcion externa sensible en el flanco de
   13:						; bajada.
   14:	  8002	74 00			mov A,#0
   15:	  8004	90 80 2C		mov dptr,#ISR0	;Muevo al registro DPTR una dirección de 16 bits
   16:	  8007	12 01 45		lcall setintvec
   17:	  800A	D2 A8			setb EX0
   18:	  800C	D2 AF			setb EA
   19:	  800E	D2 B2			setb P3.2
   20:	  8010			repite:
   21:	  8010	7B 00			mov R3,#0
   22:	  8012	7D 10			mov R5,#16	;R5 es mi contador
   23:	  8014			lazo:
   24:	  8014	EB			mov A,R3
   25:	  8015	12 01 3F		lcall prthex	;muestra el digito en el terminal
   26:	  8018	74 0D			mov A,#0dh	;retorno de carro
   27:	  801A	12 01 48		lcall sndchr
   28:	  801D	EB			mov A,R3
   29:	  801E	12 01 1B		lcall display	;codigo para el display
   30:	  8021	F4			cpl A		;invierte los bits
   31:	  8022	F5 90			mov P1,A	;envio al puerto P1
   32:	  8024	12 01 42		lcall sdelay	;tiempo de un segundo
   33:	  8027	0B			inc R3
   34:	  8028	DD EA			djnz R5,lazo
   35:	  802A	80 E4			sjmp repite
   36:	  802C			ISR0:
   37:	  802C	C0 E0			push acc	;Salva el valor del acumulador en la pila de la memoria
   38:	  802E	12 01 36		lcall print
   39:	  8031	0D 0A 41 72		db 0dh,0ah,"Arquitectura de Computadores"
	  8035	71 75 69 74
	  8039	65 63 74 75
	  803D	72 61 20 64
	  8041	65 20 43 6F

ASEM-51 V1.3                                         Copyright (c) 2002 by W.W. Heinz                                         PAGE 2



 Line  I  Addr  Code            Source

	  8045	6D 70 75 74
	  8049	61 64 6F 72
	  804D	65 73
   40:	  804F	0D 0A 50 72		db 0dh,0ah,"Prof.: Martin Cruz",0dh,0ah,0
	  8053	6F 66 2E 3A
	  8057	20 4D 61 72
	  805B	74 69 6E 20
	  805F	43 72 75 7A
	  8063	0D 0A 00
   41:	  8066	D0 E0			pop acc		;Retorno el valor de la pila al acumulador
   42:	  8068	32			reti
   43:					end





                     register banks used:  ---

                     no errors




ASEM-51 V1.3                                         Copyright (c) 2002 by W.W. Heinz                                         PAGE 3





	       L I S T   O F   S Y M B O L S
	       =============================


SYMBOL				  TYPE     VALUE	LINE
------------------------------------------------------------
??ASEM_51			  NUMBER    8051
??VERSION			  NUMBER    0130
AC				  BIT	      D6
ACC				  DATA	      E0
B				  DATA	      F0
CY				  BIT	      D7
DISPLAY				  NUMBER    011B	  10
DPH				  DATA	      83
DPL				  DATA	      82
EA				  BIT	      AF
ES				  BIT	      AC
ET0				  BIT	      A9
ET1				  BIT	      AB
EX0				  BIT	      A8
EX1				  BIT	      AA
EXTI0				  CODE	    0003
EXTI1				  CODE	    0013
F0				  BIT	      D5
IE				  DATA	      A8
IE0				  BIT	      89
IE1				  BIT	      8B
INT0				  BIT	      B2
INT1				  BIT	      B3
IP				  DATA	      B8
ISR0				  CODE	    802C	  36
IT0				  BIT	      88
IT1				  BIT	      8A
LAZO				  CODE	    8014	  23
OV				  BIT	      D2
P				  BIT	      D0
P0				  DATA	      80
P1				  DATA	      90
P2				  DATA	      A0
P3				  DATA	      B0
PCON				  DATA	      87
PRINT				  NUMBER    0136	   9
PRTHEX				  NUMBER    013F	   6
PS				  BIT	      BC
PSW				  DATA	      D0
PT0				  BIT	      B9
PT1				  BIT	      BB
PX0				  BIT	      B8
PX1				  BIT	      BA
RB8				  BIT	      9A
RD				  BIT	      B7
REN				  BIT	      9C
REPITE				  CODE	    8010	  20
RESET				  CODE	    0000
RI				  BIT	      98
RS0				  BIT	      D3

ASEM-51 V1.3                                         Copyright (c) 2002 by W.W. Heinz                                         PAGE 4



SYMBOL				  TYPE     VALUE	LINE
------------------------------------------------------------
RS1				  BIT	      D4
RXD				  BIT	      B0
SBUF				  DATA	      99
SCON				  DATA	      98
SDELAY				  NUMBER    0142	   5
SETINTVEC			  NUMBER    0145	   8
SINT				  CODE	    0023
SM0				  BIT	      9F
SM1				  BIT	      9E
SM2				  BIT	      9D
SNDCHR				  NUMBER    0148	   7
SP				  DATA	      81
T0				  BIT	      B4
T1				  BIT	      B5
TB8				  BIT	      9B
TCON				  DATA	      88
TF0				  BIT	      8D
TF1				  BIT	      8F
TH0				  DATA	      8C
TH1				  DATA	      8D
TI				  BIT	      99
TIMER0				  CODE	    000B
TIMER1				  CODE	    001B
TL0				  DATA	      8A
TL1				  DATA	      8B
TMOD				  DATA	      89
TR0				  BIT	      8C
TR1				  BIT	      8E
TXD				  BIT	      B1
WR				  BIT	      B6
