
ASEM-51 V1.3                                         Copyright (c) 2002 by W.W. Heinz                                         PAGE 1





       MCS-51 Family Macro Assembler   A S E M - 5 1   V 1.3
       =====================================================



	Source File:	C:\Software_CC212_arquitectura\lab3_dirigido_2018_II\p4.asm
	Object File:	C:\Software_CC212_arquitectura\lab3_dirigido_2018_II\p4.hex
	List File:	C:\Software_CC212_arquitectura\lab3_dirigido_2018_II\p4.lst



 Line  I  Addr  Code            Source

    1:				;Hacer un programa que utilizando dos botones conectados al pin P3.2 y P3.3 interrumpa
    2:				;al TMC51 y en ese momento envíe al puerto serie mensajes desde donde ha sido
    3:				;interrumpido. El programa principal es hacer un led parpadeante.
    4:		N      0145	setintvec equ 145h
    5:		N      0118	delay   equ 118h
    6:		N      0136	print   equ 136h
    7:		N      8000		org 8000h
    8:					;Habilita la interrupción externa 0
    9:	  8000	C2 88			clr IT0; fijamos la interrupcion externa sensible en el nivel bajo.
   10:	  8002	74 00			mov A,#0
   11:	  8004	90 80 2E		mov dptr,#ISR0
   12:	  8007	12 01 45		lcall setintvec
   13:	  800A	D2 A8			setb EX0
   14:	  800C	D2 B2			setb P3.2
   15:					;Habilita la interrupción externa 1
   16:	  800E	C2 8A			clr IT1; fijamos la interrupcion externa sensible en el nivel bajo.
   17:	  8010	74 02			mov A,#2
   18:	  8012	90 80 5A		mov dptr,#ISR1
   19:	  8015	12 01 45		lcall setintvec
   20:	  8018	D2 AA			setb EX1
   21:	  801A	D2 AF			setb EA
   22:	  801C	D2 B3			setb P3.3
   23:	  801E			repite:
   24:	  801E	D2 90			setb P1.0
   25:	  8020	74 C8			mov A,#200
   26:	  8022	12 01 18		lcall delay
   27:	  8025	C2 90			clr P1.0
   28:	  8027	74 C8			mov A,#200
   29:	  8029	12 01 18		lcall delay
   30:	  802C	80 F0			sjmp repite
   31:	  802E			ISR0:
   32:	  802E	C2 A8			clr EX0
   33:	  8030	C0 E0			push acc
   34:	  8032	74 FA			mov A,#250
   35:	  8034	12 01 18		lcall delay
   36:	  8037	12 01 36		lcall print
   37:	  803A	0D 0A 53 65		db 0dh,0ah,"Se interrumpe desde P3.2",0
	  803E	20 69 6E 74
	  8042	65 72 72 75
	  8046	6D 70 65 20
	  804A	64 65 73 64
	  804E	65 20 50 33
	  8052	2E 32 00

ASEM-51 V1.3                                         Copyright (c) 2002 by W.W. Heinz                                         PAGE 2



 Line  I  Addr  Code            Source

   38:	  8055	D0 E0			pop acc
   39:	  8057	D2 A8			setb EX0
   40:	  8059	32			reti
   41:	  805A			ISR1:
   42:	  805A	C2 AA			clr EX1
   43:	  805C	C0 E0			push acc
   44:	  805E	74 FA			mov A,#250
   45:	  8060	12 01 18		lcall delay
   46:	  8063	12 01 36		lcall print
   47:	  8066	0D 0A 53 65		db 0dh,0ah,"Se interrumpe desde P3.3",0
	  806A	20 69 6E 74
	  806E	65 72 72 75
	  8072	6D 70 65 20
	  8076	64 65 73 64
	  807A	65 20 50 33
	  807E	2E 33 00
   48:	  8081	D0 E0			pop acc
   49:	  8083	D2 AA			setb EX1
   50:	  8085	32			reti
   51:					end
   52:





                     register banks used:  ---

                     no errors




ASEM-51 V1.3                                         Copyright (c) 2002 by W.W. Heinz                                         PAGE 3





	       L I S T   O F   S Y M B O L S
	       =============================


SYMBOL				  TYPE     VALUE	LINE
------------------------------------------------------------
??ASEM_51			  NUMBER    8051
??VERSION			  NUMBER    0130
AC				  BIT	      D6
ACC				  DATA	      E0
B				  DATA	      F0
CY				  BIT	      D7
DELAY				  NUMBER    0118	   5
DPH				  DATA	      83
DPL				  DATA	      82
EA				  BIT	      AF
ES				  BIT	      AC
ET0				  BIT	      A9
ET1				  BIT	      AB
EX0				  BIT	      A8
EX1				  BIT	      AA
EXTI0				  CODE	    0003
EXTI1				  CODE	    0013
F0				  BIT	      D5
IE				  DATA	      A8
IE0				  BIT	      89
IE1				  BIT	      8B
INT0				  BIT	      B2
INT1				  BIT	      B3
IP				  DATA	      B8
ISR0				  CODE	    802E	  31
ISR1				  CODE	    805A	  41
IT0				  BIT	      88
IT1				  BIT	      8A
OV				  BIT	      D2
P				  BIT	      D0
P0				  DATA	      80
P1				  DATA	      90
P2				  DATA	      A0
P3				  DATA	      B0
PCON				  DATA	      87
PRINT				  NUMBER    0136	   6
PS				  BIT	      BC
PSW				  DATA	      D0
PT0				  BIT	      B9
PT1				  BIT	      BB
PX0				  BIT	      B8
PX1				  BIT	      BA
RB8				  BIT	      9A
RD				  BIT	      B7
REN				  BIT	      9C
REPITE				  CODE	    801E	  23
RESET				  CODE	    0000
RI				  BIT	      98
RS0				  BIT	      D3
RS1				  BIT	      D4

ASEM-51 V1.3                                         Copyright (c) 2002 by W.W. Heinz                                         PAGE 4



SYMBOL				  TYPE     VALUE	LINE
------------------------------------------------------------
RXD				  BIT	      B0
SBUF				  DATA	      99
SCON				  DATA	      98
SETINTVEC			  NUMBER    0145	   4
SINT				  CODE	    0023
SM0				  BIT	      9F
SM1				  BIT	      9E
SM2				  BIT	      9D
SP				  DATA	      81
T0				  BIT	      B4
T1				  BIT	      B5
TB8				  BIT	      9B
TCON				  DATA	      88
TF0				  BIT	      8D
TF1				  BIT	      8F
TH0				  DATA	      8C
TH1				  DATA	      8D
TI				  BIT	      99
TIMER0				  CODE	    000B
TIMER1				  CODE	    001B
TL0				  DATA	      8A
TL1				  DATA	      8B
TMOD				  DATA	      89
TR0				  BIT	      8C
TR1				  BIT	      8E
TXD				  BIT	      B1
WR				  BIT	      B6
