
ASEM-51 V1.3                                         Copyright (c) 2002 by W.W. Heinz                                         PAGE 1





       MCS-51 Family Macro Assembler   A S E M - 5 1   V 1.3
       =====================================================



	Source File:	C:\Software_CC212_arquitectura\lab3_dirigido\preg3_lab3dirigido.asm
	Object File:	C:\Software_CC212_arquitectura\lab3_dirigido\preg3_lab3dirigido.hex
	List File:	C:\Software_CC212_arquitectura\lab3_dirigido\preg3_lab3dirigido.lst



 Line  I  Addr  Code            Source

    1:				;Hacer un programa para el TMC51 que al presionar el botón conectado al pin P3.2
    2:				;interrumpa al TMC51 y en ese momento envié por el puerto serie dos cadenas: “curso:
    3:				;Arquitectura de Computadores” y en otra fila “Prof.: Martín Cruz”. El programa principal
    4:				;es un contador de 0 a F mostrado en el display de 7 segmentos.
    5:		N      0142	sdelay  equ 142h
    6:		N      013F	prthex  equ 13Fh
    7:		N      0148	sndchr  equ 148h
    8:		N      0145	setintvec equ 145h
    9:		N      0136	print   equ 136h
   10:		N      011B	display equ 11Bh
   11:		N      8000		org 8000h
   12:	  8000	D2 88			setb IT0; fijamos la interrupcion externa sensible en el flanco de
   13:						; bajada.
   14:	  8002	74 00			mov A,#0
   15:	  8004	90 80 2C		mov dptr,#ISR0
   16:	  8007	12 01 45		lcall setintvec
   17:	  800A	D2 A8			setb EX0
   18:	  800C	D2 AF			setb EA
   19:	  800E	D2 B2			setb P3.2
   20:	  8010			repite:
   21:	  8010	7B 00			mov R3,#0
   22:	  8012	7D 10			mov R5,#16
   23:	  8014			lazo:
   24:	  8014	EB			mov A,R3
   25:	  8015	12 01 3F		lcall prthex
   26:	  8018	74 0D			mov A,#0dh
   27:	  801A	12 01 48		lcall sndchr
   28:	  801D	EB			mov A,R3
   29:	  801E	12 01 1B		lcall display
   30:	  8021	F4			cpl A
   31:	  8022	F5 90			mov P1,A
   32:	  8024	12 01 42		lcall sdelay
   33:	  8027	0B			inc R3
   34:	  8028	DD EA			djnz R5,lazo
   35:	  802A	80 E4			sjmp repite
   36:	  802C			ISR0:
   37:	  802C	C0 E0			push acc
   38:	  802E	12 01 36		lcall print
   39:	  8031	0D 0A 56 6F		db 0dh,0ah,"Voy a multiplicar los numeros 4 y 5",0
	  8035	79 20 61 20
	  8039	6D 75 6C 74
	  803D	69 70 6C 69
	  8041	63 61 72 20

ASEM-51 V1.3                                         Copyright (c) 2002 by W.W. Heinz                                         PAGE 2



 Line  I  Addr  Code            Source

	  8045	6C 6F 73 20
	  8049	6E 75 6D 65
	  804D	72 6F 73 20
	  8051	34 20 79 20
	  8055	35 00
   40:	  8057	74 04			mov A,#4
   41:	  8059	75 F0 05		mov B,#5
   42:	  805C	A4			mul AB
   43:	  805D	F5 30			mov 30h,A
   44:	  805F	12 01 36		lcall print
   45:	  8062	0D 0A 45 6C		db 0dh,0ah,"El resultado es: ",0dh,0ah,0
	  8066	20 72 65 73
	  806A	75 6C 74 61
	  806E	64 6F 20 65
	  8072	73 3A 20 0D
	  8076	0A 00
   46:	  8078	E5 30			mov A,30h
   47:	  807A	75 F0 0A		mov B,#10
   48:	  807D	84			div AB
   49:	  807E	24 30			add A,#30h
   50:	  8080	12 01 48		lcall sndchr
   51:	  8083	E5 F0			mov A,B
   52:	  8085	24 30			add A,#30h
   53:	  8087	12 01 48		lcall sndchr
   54:	  808A	12 01 36		lcall print
   55:	  808D	0D 0A 00		db 0dh,0ah,0
   56:	  8090	D0 E0			pop acc
   57:	  8092	32			reti
   58:					end





                     register banks used:  ---

                     no errors




ASEM-51 V1.3                                         Copyright (c) 2002 by W.W. Heinz                                         PAGE 3





	       L I S T   O F   S Y M B O L S
	       =============================


SYMBOL				  TYPE     VALUE	LINE
------------------------------------------------------------
??ASEM_51			  NUMBER    8051
??VERSION			  NUMBER    0130
AC				  BIT	      D6
ACC				  DATA	      E0
B				  DATA	      F0
CY				  BIT	      D7
DISPLAY				  NUMBER    011B	  10
DPH				  DATA	      83
DPL				  DATA	      82
EA				  BIT	      AF
ES				  BIT	      AC
ET0				  BIT	      A9
ET1				  BIT	      AB
EX0				  BIT	      A8
EX1				  BIT	      AA
EXTI0				  CODE	    0003
EXTI1				  CODE	    0013
F0				  BIT	      D5
IE				  DATA	      A8
IE0				  BIT	      89
IE1				  BIT	      8B
INT0				  BIT	      B2
INT1				  BIT	      B3
IP				  DATA	      B8
ISR0				  CODE	    802C	  36
IT0				  BIT	      88
IT1				  BIT	      8A
LAZO				  CODE	    8014	  23
OV				  BIT	      D2
P				  BIT	      D0
P0				  DATA	      80
P1				  DATA	      90
P2				  DATA	      A0
P3				  DATA	      B0
PCON				  DATA	      87
PRINT				  NUMBER    0136	   9
PRTHEX				  NUMBER    013F	   6
PS				  BIT	      BC
PSW				  DATA	      D0
PT0				  BIT	      B9
PT1				  BIT	      BB
PX0				  BIT	      B8
PX1				  BIT	      BA
RB8				  BIT	      9A
RD				  BIT	      B7
REN				  BIT	      9C
REPITE				  CODE	    8010	  20
RESET				  CODE	    0000
RI				  BIT	      98
RS0				  BIT	      D3

ASEM-51 V1.3                                         Copyright (c) 2002 by W.W. Heinz                                         PAGE 4



SYMBOL				  TYPE     VALUE	LINE
------------------------------------------------------------
RS1				  BIT	      D4
RXD				  BIT	      B0
SBUF				  DATA	      99
SCON				  DATA	      98
SDELAY				  NUMBER    0142	   5
SETINTVEC			  NUMBER    0145	   8
SINT				  CODE	    0023
SM0				  BIT	      9F
SM1				  BIT	      9E
SM2				  BIT	      9D
SNDCHR				  NUMBER    0148	   7
SP				  DATA	      81
T0				  BIT	      B4
T1				  BIT	      B5
TB8				  BIT	      9B
TCON				  DATA	      88
TF0				  BIT	      8D
TF1				  BIT	      8F
TH0				  DATA	      8C
TH1				  DATA	      8D
TI				  BIT	      99
TIMER0				  CODE	    000B
TIMER1				  CODE	    001B
TL0				  DATA	      8A
TL1				  DATA	      8B
TMOD				  DATA	      89
TR0				  BIT	      8C
TR1				  BIT	      8E
TXD				  BIT	      B1
WR				  BIT	      B6
